[2020-11-17 21:12:50,757] multiqc                                            [DEBUG  ]  No MultiQC config found: /usr/lib/python3.8/site-packages/multiqc_config.yaml
[2020-11-17 21:12:50,758] multiqc                                            [DEBUG  ]  No MultiQC config found: /root/.multiqc_config.yaml
[2020-11-17 21:12:50,758] multiqc                                            [DEBUG  ]  No MultiQC config found: multiqc_config.yaml
[2020-11-17 21:12:50,758] multiqc                                            [DEBUG  ]  Command used: /usr/bin/multiqc .
[2020-11-17 21:12:53,008] multiqc                                            [DEBUG  ]  Latest MultiQC version is v1.9
[2020-11-17 21:12:53,009] multiqc                                            [INFO   ]  This is MultiQC v1.9
[2020-11-17 21:12:53,009] multiqc                                            [DEBUG  ]  Command     : /usr/bin/multiqc .
[2020-11-17 21:12:53,009] multiqc                                            [DEBUG  ]  Working dir : /home/cristiane/Bitbucket/zucchi_seminar/tutorial/htmls/Fer/bad
[2020-11-17 21:12:53,009] multiqc                                            [INFO   ]  Template    : default
[2020-11-17 21:12:53,009] multiqc                                            [DEBUG  ]  Running Python 3.8.1 (default, Dec 26 2019, 14:42:08)  [GCC 9.2.0]
[2020-11-17 21:12:53,009] multiqc                                            [INFO   ]  Searching   : /home/cristiane/Bitbucket/zucchi_seminar/tutorial/htmls/Fer/bad
[2020-11-17 21:12:53,010] multiqc                                            [DEBUG  ]  Analysing modules: custom_content, conpair, peddy, somalier, methylQA, mosdepth, phantompeakqualtools, qualimap, preseq, quast, qorts, rna_seqc, rockhopper, rsem, rseqc, busco, goleft_indexcov, disambiguate, supernova, deeptools, sargasso, verifybamid, mirtrace, happy, mirtop, homer, macs2, theta2, snpeff, gatk, htseq, bcftools, featureCounts, fgbio, dragen, dedup, damageprofiler, biobambam2, mtnucratio, picard, prokka, samblaster, samtools, sexdeterrmine, bamtools, jellyfish, vcftools, longranger, stacks, varscan2, bbmap, bismark, biscuit, hicexplorer, hicup, hicpro, salmon, kallisto, slamdunk, star, hisat2, tophat, bowtie2, bowtie1, snpsplit, kat, leehom, adapterRemoval, clipandmerge, cutadapt, flexbar, kaiju, kraken, malt, trimmomatic, sickle, skewer, sortmerna, biobloomtools, fastq_screen, afterqc, fastp, fastqc, pycoqc, minionqc, multivcfanalyzer, clusterflow, bcl2fastq, interop, ivar, flash, seqyclean
[2020-11-17 21:12:53,010] multiqc                                            [DEBUG  ]  Using temporary directory for creating report: /tmp/tmpcxfn1fwm
[2020-11-17 21:12:53,061] multiqc                                            [DEBUG  ]  File ignored by hicexplorer because it exceeded search pattern filesize limit: 18_S1_L001_R1_001_fastqc.html
[2020-11-17 21:12:53,065] multiqc                                            [DEBUG  ]  File ignored by longranger/invocation because it exceeded search pattern filesize limit: 18_S1_L001_R1_001_fastqc.html
[2020-11-17 21:12:53,122] multiqc                                            [DEBUG  ]  File ignored by hicexplorer because it exceeded search pattern filesize limit: 18_S1_L002_R1_001_fastqc.html
[2020-11-17 21:12:53,124] multiqc                                            [DEBUG  ]  File ignored by longranger/invocation because it exceeded search pattern filesize limit: 18_S1_L002_R1_001_fastqc.html
[2020-11-17 21:12:53,176] multiqc                                            [DEBUG  ]  File ignored by hicexplorer because it exceeded search pattern filesize limit: 18_S1_L001_R2_001_fastqc.html
[2020-11-17 21:12:53,179] multiqc                                            [DEBUG  ]  File ignored by longranger/invocation because it exceeded search pattern filesize limit: 18_S1_L001_R2_001_fastqc.html
[2020-11-17 21:12:53,238] multiqc                                            [DEBUG  ]  File ignored by hicexplorer because it exceeded search pattern filesize limit: 18_S1_L002_R2_001_fastqc.html
[2020-11-17 21:12:53,240] multiqc                                            [DEBUG  ]  File ignored by longranger/invocation because it exceeded search pattern filesize limit: 18_S1_L002_R2_001_fastqc.html
[2020-11-17 21:12:54,175] multiqc.plots.bargraph                             [DEBUG  ]  Using matplotlib version 3.1.2
[2020-11-17 21:12:54,176] multiqc.plots.linegraph                            [DEBUG  ]  Using matplotlib version 3.1.2
[2020-11-17 21:12:54,177] multiqc                                            [DEBUG  ]  No samples found: custom_content
[2020-11-17 21:12:54,181] multiqc                                            [DEBUG  ]  No samples found: conpair
[2020-11-17 21:12:54,185] multiqc                                            [DEBUG  ]  No samples found: peddy
[2020-11-17 21:12:54,190] multiqc                                            [DEBUG  ]  No samples found: somalier
[2020-11-17 21:12:54,194] multiqc                                            [DEBUG  ]  No samples found: methylQA
[2020-11-17 21:12:54,199] multiqc                                            [DEBUG  ]  No samples found: mosdepth
[2020-11-17 21:12:54,203] multiqc                                            [DEBUG  ]  No samples found: phantompeakqualtools
[2020-11-17 21:12:54,207] multiqc                                            [DEBUG  ]  No samples found: qualimap
[2020-11-17 21:12:54,211] multiqc                                            [DEBUG  ]  No samples found: preseq
[2020-11-17 21:12:54,215] multiqc                                            [DEBUG  ]  No samples found: quast
[2020-11-17 21:12:54,220] multiqc                                            [DEBUG  ]  No samples found: qorts
[2020-11-17 21:12:54,224] multiqc                                            [DEBUG  ]  No samples found: rna_seqc
[2020-11-17 21:12:54,228] multiqc                                            [DEBUG  ]  No samples found: rockhopper
[2020-11-17 21:12:54,232] multiqc                                            [DEBUG  ]  No samples found: rsem
[2020-11-17 21:12:54,239] multiqc                                            [DEBUG  ]  No samples found: rseqc
[2020-11-17 21:12:54,243] multiqc                                            [DEBUG  ]  No samples found: busco
[2020-11-17 21:12:54,247] multiqc                                            [DEBUG  ]  No samples found: goleft_indexcov
[2020-11-17 21:12:54,251] multiqc                                            [DEBUG  ]  No samples found: disambiguate
[2020-11-17 21:12:54,255] multiqc                                            [DEBUG  ]  No samples found: supernova
[2020-11-17 21:12:54,262] multiqc                                            [DEBUG  ]  No samples found: deeptools
[2020-11-17 21:12:54,266] multiqc                                            [DEBUG  ]  No samples found: sargasso
[2020-11-17 21:12:54,270] multiqc                                            [DEBUG  ]  No samples found: verifybamid
[2020-11-17 21:12:54,274] multiqc                                            [DEBUG  ]  No samples found: mirtrace
[2020-11-17 21:12:54,278] multiqc                                            [DEBUG  ]  No samples found: happy
[2020-11-17 21:12:54,282] multiqc                                            [DEBUG  ]  No samples found: mirtop
[2020-11-17 21:12:54,287] multiqc                                            [DEBUG  ]  No samples found: homer
[2020-11-17 21:12:54,291] multiqc                                            [DEBUG  ]  No samples found: macs2
[2020-11-17 21:12:54,295] multiqc                                            [DEBUG  ]  No samples found: theta2
[2020-11-17 21:12:54,300] multiqc                                            [DEBUG  ]  No samples found: snpeff
[2020-11-17 21:12:54,304] multiqc                                            [DEBUG  ]  No samples found: gatk
[2020-11-17 21:12:54,309] multiqc                                            [DEBUG  ]  No samples found: htseq
[2020-11-17 21:12:54,313] multiqc                                            [DEBUG  ]  No samples found: bcftools
[2020-11-17 21:12:54,317] multiqc                                            [DEBUG  ]  No samples found: featureCounts
[2020-11-17 21:12:54,322] multiqc                                            [DEBUG  ]  No samples found: fgbio
[2020-11-17 21:12:54,329] multiqc                                            [DEBUG  ]  No samples found: dragen
[2020-11-17 21:12:54,333] multiqc                                            [DEBUG  ]  No samples found: dedup
[2020-11-17 21:12:54,337] multiqc                                            [DEBUG  ]  No samples found: damageprofiler
[2020-11-17 21:12:54,346] multiqc                                            [DEBUG  ]  No samples found: biobambam2
[2020-11-17 21:12:54,350] multiqc                                            [DEBUG  ]  No samples found: mtnucratio
[2020-11-17 21:12:54,354] multiqc                                            [DEBUG  ]  No samples found: picard
[2020-11-17 21:12:54,358] multiqc                                            [DEBUG  ]  No samples found: prokka
[2020-11-17 21:12:54,362] multiqc                                            [DEBUG  ]  No samples found: samblaster
[2020-11-17 21:12:54,368] multiqc                                            [DEBUG  ]  No samples found: samtools
[2020-11-17 21:12:54,372] multiqc                                            [DEBUG  ]  No samples found: sexdeterrmine
[2020-11-17 21:12:54,376] multiqc                                            [DEBUG  ]  No samples found: bamtools
[2020-11-17 21:12:54,380] multiqc                                            [DEBUG  ]  No samples found: jellyfish
[2020-11-17 21:12:54,385] multiqc                                            [DEBUG  ]  No samples found: vcftools
[2020-11-17 21:12:54,389] multiqc                                            [DEBUG  ]  No samples found: longranger
[2020-11-17 21:12:54,393] multiqc                                            [DEBUG  ]  No samples found: stacks
[2020-11-17 21:12:54,398] multiqc                                            [DEBUG  ]  No samples found: varscan2
[2020-11-17 21:12:54,404] multiqc                                            [DEBUG  ]  No samples found: bbmap
[2020-11-17 21:12:54,409] multiqc                                            [DEBUG  ]  No samples found: bismark
[2020-11-17 21:12:54,413] multiqc                                            [DEBUG  ]  No samples found: biscuit
[2020-11-17 21:12:54,417] multiqc                                            [DEBUG  ]  No samples found: hicexplorer
[2020-11-17 21:12:54,421] multiqc                                            [DEBUG  ]  No samples found: hicup
[2020-11-17 21:12:54,425] multiqc                                            [DEBUG  ]  No samples found: hicpro
[2020-11-17 21:12:54,429] multiqc                                            [DEBUG  ]  No samples found: salmon
[2020-11-17 21:12:54,434] multiqc                                            [DEBUG  ]  No samples found: kallisto
[2020-11-17 21:12:54,438] multiqc                                            [DEBUG  ]  No samples found: slamdunk
[2020-11-17 21:12:54,442] multiqc                                            [DEBUG  ]  No samples found: star
[2020-11-17 21:12:54,446] multiqc                                            [DEBUG  ]  No samples found: hisat2
[2020-11-17 21:12:54,450] multiqc                                            [DEBUG  ]  No samples found: tophat
[2020-11-17 21:12:54,454] multiqc                                            [DEBUG  ]  No samples found: bowtie2
[2020-11-17 21:12:54,458] multiqc                                            [DEBUG  ]  No samples found: bowtie1
[2020-11-17 21:12:54,464] multiqc                                            [DEBUG  ]  No samples found: snpsplit
[2020-11-17 21:12:54,468] multiqc                                            [DEBUG  ]  No samples found: kat
[2020-11-17 21:12:54,473] multiqc                                            [DEBUG  ]  No samples found: leehom
[2020-11-17 21:12:54,477] multiqc                                            [DEBUG  ]  No samples found: adapterRemoval
[2020-11-17 21:12:54,481] multiqc                                            [DEBUG  ]  No samples found: clipandmerge
[2020-11-17 21:12:54,485] multiqc                                            [DEBUG  ]  No samples found: cutadapt
[2020-11-17 21:12:54,489] multiqc                                            [DEBUG  ]  No samples found: flexbar
[2020-11-17 21:12:54,493] multiqc                                            [DEBUG  ]  No samples found: kaiju
[2020-11-17 21:12:54,497] multiqc                                            [DEBUG  ]  No samples found: kraken
[2020-11-17 21:12:54,501] multiqc                                            [DEBUG  ]  No samples found: malt
[2020-11-17 21:12:54,505] multiqc                                            [DEBUG  ]  No samples found: trimmomatic
[2020-11-17 21:12:54,509] multiqc                                            [DEBUG  ]  No samples found: sickle
[2020-11-17 21:12:54,514] multiqc                                            [DEBUG  ]  No samples found: skewer
[2020-11-17 21:12:54,518] multiqc                                            [DEBUG  ]  No samples found: sortmerna
[2020-11-17 21:12:54,522] multiqc                                            [DEBUG  ]  No samples found: biobloomtools
[2020-11-17 21:12:54,526] multiqc                                            [DEBUG  ]  No samples found: fastq_screen
[2020-11-17 21:12:54,530] multiqc                                            [DEBUG  ]  No samples found: afterqc
[2020-11-17 21:12:54,534] multiqc                                            [DEBUG  ]  No samples found: fastp
[2020-11-17 21:12:54,723] multiqc.modules.fastqc.fastqc                      [INFO   ]  Found 4 reports
[2020-11-17 21:12:54,913] multiqc                                            [DEBUG  ]  No samples found: pycoqc
[2020-11-17 21:12:54,917] multiqc                                            [DEBUG  ]  No samples found: minionqc
[2020-11-17 21:12:54,921] multiqc                                            [DEBUG  ]  No samples found: multivcfanalyzer
[2020-11-17 21:12:54,925] multiqc                                            [DEBUG  ]  No samples found: clusterflow
[2020-11-17 21:12:54,930] multiqc                                            [DEBUG  ]  No samples found: bcl2fastq
[2020-11-17 21:12:54,934] multiqc                                            [DEBUG  ]  No samples found: interop
[2020-11-17 21:12:54,938] multiqc                                            [DEBUG  ]  No samples found: ivar
[2020-11-17 21:12:54,942] multiqc                                            [DEBUG  ]  No samples found: flash
[2020-11-17 21:12:54,946] multiqc                                            [DEBUG  ]  No samples found: seqyclean
[2020-11-17 21:12:54,955] multiqc                                            [INFO   ]  Compressing plot data
[2020-11-17 21:12:55,149] multiqc                                            [INFO   ]  Report      : multiqc_report.html
[2020-11-17 21:12:55,149] multiqc                                            [INFO   ]  Data        : multiqc_data
[2020-11-17 21:12:55,149] multiqc                                            [DEBUG  ]  Moving data file from '/tmp/tmpcxfn1fwm/multiqc_data' to '/home/cristiane/Bitbucket/zucchi_seminar/tutorial/htmls/Fer/bad/multiqc_data'
[2020-11-17 21:12:55,315] multiqc                                            [INFO   ]  MultiQC complete
