[2020-11-17 21:14:16,371] multiqc                                            [DEBUG  ]  No MultiQC config found: /usr/lib/python3.8/site-packages/multiqc_config.yaml
[2020-11-17 21:14:16,371] multiqc                                            [DEBUG  ]  No MultiQC config found: /root/.multiqc_config.yaml
[2020-11-17 21:14:16,371] multiqc                                            [DEBUG  ]  No MultiQC config found: multiqc_config.yaml
[2020-11-17 21:14:16,371] multiqc                                            [DEBUG  ]  Command used: /usr/bin/multiqc .
[2020-11-17 21:14:17,798] multiqc                                            [DEBUG  ]  Latest MultiQC version is v1.9
[2020-11-17 21:14:17,798] multiqc                                            [INFO   ]  This is MultiQC v1.9
[2020-11-17 21:14:17,798] multiqc                                            [DEBUG  ]  Command     : /usr/bin/multiqc .
[2020-11-17 21:14:17,798] multiqc                                            [DEBUG  ]  Working dir : /home/cristiane/Bitbucket/zucchi_seminar/tutorial/htmls/Fer/good
[2020-11-17 21:14:17,798] multiqc                                            [INFO   ]  Template    : default
[2020-11-17 21:14:17,798] multiqc                                            [DEBUG  ]  Running Python 3.8.1 (default, Dec 26 2019, 14:42:08)  [GCC 9.2.0]
[2020-11-17 21:14:17,799] multiqc                                            [INFO   ]  Searching   : /home/cristiane/Bitbucket/zucchi_seminar/tutorial/htmls/Fer/good
[2020-11-17 21:14:17,799] multiqc                                            [DEBUG  ]  Analysing modules: custom_content, conpair, peddy, somalier, methylQA, mosdepth, phantompeakqualtools, qualimap, preseq, quast, qorts, rna_seqc, rockhopper, rsem, rseqc, busco, goleft_indexcov, disambiguate, supernova, deeptools, sargasso, verifybamid, mirtrace, happy, mirtop, homer, macs2, theta2, snpeff, gatk, htseq, bcftools, featureCounts, fgbio, dragen, dedup, damageprofiler, biobambam2, mtnucratio, picard, prokka, samblaster, samtools, sexdeterrmine, bamtools, jellyfish, vcftools, longranger, stacks, varscan2, bbmap, bismark, biscuit, hicexplorer, hicup, hicpro, salmon, kallisto, slamdunk, star, hisat2, tophat, bowtie2, bowtie1, snpsplit, kat, leehom, adapterRemoval, clipandmerge, cutadapt, flexbar, kaiju, kraken, malt, trimmomatic, sickle, skewer, sortmerna, biobloomtools, fastq_screen, afterqc, fastp, fastqc, pycoqc, minionqc, multivcfanalyzer, clusterflow, bcl2fastq, interop, ivar, flash, seqyclean
[2020-11-17 21:14:17,799] multiqc                                            [DEBUG  ]  Using temporary directory for creating report: /tmp/tmpcnpb091w
[2020-11-17 21:14:17,854] multiqc                                            [DEBUG  ]  File ignored by hicexplorer because it exceeded search pattern filesize limit: 1_S1_L001_R1_001_fastqc.html
[2020-11-17 21:14:17,858] multiqc                                            [DEBUG  ]  File ignored by longranger/invocation because it exceeded search pattern filesize limit: 1_S1_L001_R1_001_fastqc.html
[2020-11-17 21:14:17,907] multiqc                                            [DEBUG  ]  File ignored by hicexplorer because it exceeded search pattern filesize limit: 1_S1_L001_R2_001_fastqc.html
[2020-11-17 21:14:17,910] multiqc                                            [DEBUG  ]  File ignored by longranger/invocation because it exceeded search pattern filesize limit: 1_S1_L001_R2_001_fastqc.html
[2020-11-17 21:14:17,957] multiqc                                            [DEBUG  ]  File ignored by hicexplorer because it exceeded search pattern filesize limit: 18_S18_L002_R2_001_fastqc.html
[2020-11-17 21:14:17,959] multiqc                                            [DEBUG  ]  File ignored by longranger/invocation because it exceeded search pattern filesize limit: 18_S18_L002_R2_001_fastqc.html
[2020-11-17 21:14:18,009] multiqc                                            [DEBUG  ]  File ignored by hicexplorer because it exceeded search pattern filesize limit: 18_S18_L002_R1_001_fastqc.html
[2020-11-17 21:14:18,011] multiqc                                            [DEBUG  ]  File ignored by longranger/invocation because it exceeded search pattern filesize limit: 18_S18_L002_R1_001_fastqc.html
[2020-11-17 21:14:18,800] multiqc.plots.bargraph                             [DEBUG  ]  Using matplotlib version 3.1.2
[2020-11-17 21:14:18,801] multiqc.plots.linegraph                            [DEBUG  ]  Using matplotlib version 3.1.2
[2020-11-17 21:14:18,802] multiqc                                            [DEBUG  ]  No samples found: custom_content
[2020-11-17 21:14:18,807] multiqc                                            [DEBUG  ]  No samples found: conpair
[2020-11-17 21:14:18,811] multiqc                                            [DEBUG  ]  No samples found: peddy
[2020-11-17 21:14:18,816] multiqc                                            [DEBUG  ]  No samples found: somalier
[2020-11-17 21:14:18,820] multiqc                                            [DEBUG  ]  No samples found: methylQA
[2020-11-17 21:14:18,826] multiqc                                            [DEBUG  ]  No samples found: mosdepth
[2020-11-17 21:14:18,830] multiqc                                            [DEBUG  ]  No samples found: phantompeakqualtools
[2020-11-17 21:14:18,834] multiqc                                            [DEBUG  ]  No samples found: qualimap
[2020-11-17 21:14:18,839] multiqc                                            [DEBUG  ]  No samples found: preseq
[2020-11-17 21:14:18,843] multiqc                                            [DEBUG  ]  No samples found: quast
[2020-11-17 21:14:18,848] multiqc                                            [DEBUG  ]  No samples found: qorts
[2020-11-17 21:14:18,852] multiqc                                            [DEBUG  ]  No samples found: rna_seqc
[2020-11-17 21:14:18,857] multiqc                                            [DEBUG  ]  No samples found: rockhopper
[2020-11-17 21:14:18,861] multiqc                                            [DEBUG  ]  No samples found: rsem
[2020-11-17 21:14:18,868] multiqc                                            [DEBUG  ]  No samples found: rseqc
[2020-11-17 21:14:18,873] multiqc                                            [DEBUG  ]  No samples found: busco
[2020-11-17 21:14:18,877] multiqc                                            [DEBUG  ]  No samples found: goleft_indexcov
[2020-11-17 21:14:18,881] multiqc                                            [DEBUG  ]  No samples found: disambiguate
[2020-11-17 21:14:18,886] multiqc                                            [DEBUG  ]  No samples found: supernova
[2020-11-17 21:14:18,893] multiqc                                            [DEBUG  ]  No samples found: deeptools
[2020-11-17 21:14:18,898] multiqc                                            [DEBUG  ]  No samples found: sargasso
[2020-11-17 21:14:18,902] multiqc                                            [DEBUG  ]  No samples found: verifybamid
[2020-11-17 21:14:18,907] multiqc                                            [DEBUG  ]  No samples found: mirtrace
[2020-11-17 21:14:18,911] multiqc                                            [DEBUG  ]  No samples found: happy
[2020-11-17 21:14:18,916] multiqc                                            [DEBUG  ]  No samples found: mirtop
[2020-11-17 21:14:18,921] multiqc                                            [DEBUG  ]  No samples found: homer
[2020-11-17 21:14:18,925] multiqc                                            [DEBUG  ]  No samples found: macs2
[2020-11-17 21:14:18,929] multiqc                                            [DEBUG  ]  No samples found: theta2
[2020-11-17 21:14:18,934] multiqc                                            [DEBUG  ]  No samples found: snpeff
[2020-11-17 21:14:18,939] multiqc                                            [DEBUG  ]  No samples found: gatk
[2020-11-17 21:14:18,943] multiqc                                            [DEBUG  ]  No samples found: htseq
[2020-11-17 21:14:18,948] multiqc                                            [DEBUG  ]  No samples found: bcftools
[2020-11-17 21:14:18,952] multiqc                                            [DEBUG  ]  No samples found: featureCounts
[2020-11-17 21:14:18,957] multiqc                                            [DEBUG  ]  No samples found: fgbio
[2020-11-17 21:14:18,965] multiqc                                            [DEBUG  ]  No samples found: dragen
[2020-11-17 21:14:18,970] multiqc                                            [DEBUG  ]  No samples found: dedup
[2020-11-17 21:14:18,974] multiqc                                            [DEBUG  ]  No samples found: damageprofiler
[2020-11-17 21:14:18,984] multiqc                                            [DEBUG  ]  No samples found: biobambam2
[2020-11-17 21:14:18,989] multiqc                                            [DEBUG  ]  No samples found: mtnucratio
[2020-11-17 21:14:18,992] multiqc                                            [DEBUG  ]  No samples found: picard
[2020-11-17 21:14:18,997] multiqc                                            [DEBUG  ]  No samples found: prokka
[2020-11-17 21:14:19,001] multiqc                                            [DEBUG  ]  No samples found: samblaster
[2020-11-17 21:14:19,007] multiqc                                            [DEBUG  ]  No samples found: samtools
[2020-11-17 21:14:19,011] multiqc                                            [DEBUG  ]  No samples found: sexdeterrmine
[2020-11-17 21:14:19,016] multiqc                                            [DEBUG  ]  No samples found: bamtools
[2020-11-17 21:14:19,020] multiqc                                            [DEBUG  ]  No samples found: jellyfish
[2020-11-17 21:14:19,026] multiqc                                            [DEBUG  ]  No samples found: vcftools
[2020-11-17 21:14:19,030] multiqc                                            [DEBUG  ]  No samples found: longranger
[2020-11-17 21:14:19,035] multiqc                                            [DEBUG  ]  No samples found: stacks
[2020-11-17 21:14:19,039] multiqc                                            [DEBUG  ]  No samples found: varscan2
[2020-11-17 21:14:19,046] multiqc                                            [DEBUG  ]  No samples found: bbmap
[2020-11-17 21:14:19,051] multiqc                                            [DEBUG  ]  No samples found: bismark
[2020-11-17 21:14:19,056] multiqc                                            [DEBUG  ]  No samples found: biscuit
[2020-11-17 21:14:19,060] multiqc                                            [DEBUG  ]  No samples found: hicexplorer
[2020-11-17 21:14:19,065] multiqc                                            [DEBUG  ]  No samples found: hicup
[2020-11-17 21:14:19,069] multiqc                                            [DEBUG  ]  No samples found: hicpro
[2020-11-17 21:14:19,074] multiqc                                            [DEBUG  ]  No samples found: salmon
[2020-11-17 21:14:19,078] multiqc                                            [DEBUG  ]  No samples found: kallisto
[2020-11-17 21:14:19,083] multiqc                                            [DEBUG  ]  No samples found: slamdunk
[2020-11-17 21:14:19,088] multiqc                                            [DEBUG  ]  No samples found: star
[2020-11-17 21:14:19,093] multiqc                                            [DEBUG  ]  No samples found: hisat2
[2020-11-17 21:14:19,097] multiqc                                            [DEBUG  ]  No samples found: tophat
[2020-11-17 21:14:19,102] multiqc                                            [DEBUG  ]  No samples found: bowtie2
[2020-11-17 21:14:19,106] multiqc                                            [DEBUG  ]  No samples found: bowtie1
[2020-11-17 21:14:19,111] multiqc                                            [DEBUG  ]  No samples found: snpsplit
[2020-11-17 21:14:19,117] multiqc                                            [DEBUG  ]  No samples found: kat
[2020-11-17 21:14:19,122] multiqc                                            [DEBUG  ]  No samples found: leehom
[2020-11-17 21:14:19,126] multiqc                                            [DEBUG  ]  No samples found: adapterRemoval
[2020-11-17 21:14:19,131] multiqc                                            [DEBUG  ]  No samples found: clipandmerge
[2020-11-17 21:14:19,135] multiqc                                            [DEBUG  ]  No samples found: cutadapt
[2020-11-17 21:14:19,140] multiqc                                            [DEBUG  ]  No samples found: flexbar
[2020-11-17 21:14:19,144] multiqc                                            [DEBUG  ]  No samples found: kaiju
[2020-11-17 21:14:19,148] multiqc                                            [DEBUG  ]  No samples found: kraken
[2020-11-17 21:14:19,153] multiqc                                            [DEBUG  ]  No samples found: malt
[2020-11-17 21:14:19,157] multiqc                                            [DEBUG  ]  No samples found: trimmomatic
[2020-11-17 21:14:19,161] multiqc                                            [DEBUG  ]  No samples found: sickle
[2020-11-17 21:14:19,166] multiqc                                            [DEBUG  ]  No samples found: skewer
[2020-11-17 21:14:19,170] multiqc                                            [DEBUG  ]  No samples found: sortmerna
[2020-11-17 21:14:19,174] multiqc                                            [DEBUG  ]  No samples found: biobloomtools
[2020-11-17 21:14:19,179] multiqc                                            [DEBUG  ]  No samples found: fastq_screen
[2020-11-17 21:14:19,184] multiqc                                            [DEBUG  ]  No samples found: afterqc
[2020-11-17 21:14:19,188] multiqc                                            [DEBUG  ]  No samples found: fastp
[2020-11-17 21:14:19,355] multiqc.modules.fastqc.fastqc                      [INFO   ]  Found 4 reports
[2020-11-17 21:14:19,509] multiqc                                            [DEBUG  ]  No samples found: pycoqc
[2020-11-17 21:14:19,513] multiqc                                            [DEBUG  ]  No samples found: minionqc
[2020-11-17 21:14:19,518] multiqc                                            [DEBUG  ]  No samples found: multivcfanalyzer
[2020-11-17 21:14:19,522] multiqc                                            [DEBUG  ]  No samples found: clusterflow
[2020-11-17 21:14:19,527] multiqc                                            [DEBUG  ]  No samples found: bcl2fastq
[2020-11-17 21:14:19,531] multiqc                                            [DEBUG  ]  No samples found: interop
[2020-11-17 21:14:19,535] multiqc                                            [DEBUG  ]  No samples found: ivar
[2020-11-17 21:14:19,540] multiqc                                            [DEBUG  ]  No samples found: flash
[2020-11-17 21:14:19,544] multiqc                                            [DEBUG  ]  No samples found: seqyclean
[2020-11-17 21:14:19,554] multiqc                                            [INFO   ]  Compressing plot data
[2020-11-17 21:14:19,764] multiqc                                            [INFO   ]  Report      : multiqc_report.html
[2020-11-17 21:14:19,764] multiqc                                            [INFO   ]  Data        : multiqc_data
[2020-11-17 21:14:19,764] multiqc                                            [DEBUG  ]  Moving data file from '/tmp/tmpcnpb091w/multiqc_data' to '/home/cristiane/Bitbucket/zucchi_seminar/tutorial/htmls/Fer/good/multiqc_data'
[2020-11-17 21:14:19,933] multiqc                                            [INFO   ]  MultiQC complete
